<?xml version="1.0" encoding="UTF-8"?>
<testsuite xmlns:xsi="http://www.w3.org/2001/XMLSchema-instance" xsi:noNamespaceSchemaLocation="https://maven.apache.org/surefire/maven-surefire-plugin/xsd/surefire-test-report.xsd" name="es.udc.fic.AppTest" time="0.046" tests="1" errors="0" skipped="0" failures="0">
  <properties>
    <property name="sun.desktop" value="windows"/>
    <property name="awt.toolkit" value="sun.awt.windows.WToolkit"/>
    <property name="java.specification.version" value="11"/>
    <property name="sun.cpu.isalist" value="amd64"/>
    <property name="sun.jnu.encoding" value="Cp1252"/>
    <property name="java.class.path" value="C:\Users\bgbre\Documents\GitHub\mri-indexer\target\test-classes;C:\Users\bgbre\Documents\GitHub\mri-indexer\target\classes;C:\Users\bgbre\.m2\repository\junit\junit\4.11\junit-4.11.jar;C:\Users\bgbre\.m2\repository\org\hamcrest\hamcrest-core\1.3\hamcrest-core-1.3.jar;C:\Users\bgbre\.m2\repository\org\apache\lucene\lucene-core\8.1.1\lucene-core-8.1.1.jar;C:\Users\bgbre\.m2\repository\org\apache\lucene\lucene-queryparser\8.1.1\lucene-queryparser-8.1.1.jar;C:\Users\bgbre\.m2\repository\org\apache\lucene\lucene-queries\8.1.1\lucene-queries-8.1.1.jar;C:\Users\bgbre\.m2\repository\org\apache\lucene\lucene-sandbox\8.1.1\lucene-sandbox-8.1.1.jar;C:\Users\bgbre\.m2\repository\org\apache\lucene\lucene-analyzers-common\8.1.1\lucene-analyzers-common-8.1.1.jar;"/>
    <property name="java.vm.vendor" value="AdoptOpenJDK"/>
    <property name="sun.arch.data.model" value="64"/>
    <property name="user.variant" value=""/>
    <property name="java.vendor.url" value="https://adoptopenjdk.net/"/>
    <property name="user.timezone" value="Europe/Paris"/>
    <property name="java.vm.specification.version" value="11"/>
    <property name="os.name" value="Windows 10"/>
    <property name="sun.java.launcher" value="SUN_STANDARD"/>
    <property name="user.country" value="ES"/>
    <property name="sun.boot.library.path" value="C:\Program Files\AdoptOpenJDK\jdk-11.0.8.10-hotspot\bin"/>
    <property name="sun.java.command" value="C:\Users\bgbre\AppData\Local\Temp\surefire2912869509714002604\surefirebooter145736648777939464.jar C:\Users\bgbre\AppData\Local\Temp\surefire2912869509714002604 2021-03-30T17-57-59_538-jvmRun1 surefire17402403398993388749tmp surefire_016931772839320171700tmp"/>
    <property name="jdk.debug" value="release"/>
    <property name="surefire.test.class.path" value="C:\Users\bgbre\Documents\GitHub\mri-indexer\target\test-classes;C:\Users\bgbre\Documents\GitHub\mri-indexer\target\classes;C:\Users\bgbre\.m2\repository\junit\junit\4.11\junit-4.11.jar;C:\Users\bgbre\.m2\repository\org\hamcrest\hamcrest-core\1.3\hamcrest-core-1.3.jar;C:\Users\bgbre\.m2\repository\org\apache\lucene\lucene-core\8.1.1\lucene-core-8.1.1.jar;C:\Users\bgbre\.m2\repository\org\apache\lucene\lucene-queryparser\8.1.1\lucene-queryparser-8.1.1.jar;C:\Users\bgbre\.m2\repository\org\apache\lucene\lucene-queries\8.1.1\lucene-queries-8.1.1.jar;C:\Users\bgbre\.m2\repository\org\apache\lucene\lucene-sandbox\8.1.1\lucene-sandbox-8.1.1.jar;C:\Users\bgbre\.m2\repository\org\apache\lucene\lucene-analyzers-common\8.1.1\lucene-analyzers-common-8.1.1.jar;"/>
    <property name="sun.cpu.endian" value="little"/>
    <property name="user.home" value="C:\Users\bgbre"/>
    <property name="user.language" value="gl"/>
    <property name="java.specification.vendor" value="Oracle Corporation"/>
    <property name="java.version.date" value="2020-07-14"/>
    <property name="java.home" value="C:\Program Files\AdoptOpenJDK\jdk-11.0.8.10-hotspot"/>
    <property name="file.separator" value="\"/>
    <property name="basedir" value="C:\Users\bgbre\Documents\GitHub\mri-indexer"/>
    <property name="java.vm.compressedOopsMode" value="Zero based"/>
    <property name="line.separator" value="&#10;"/>
    <property name="java.specification.name" value="Java Platform API Specification"/>
    <property name="java.vm.specification.vendor" value="Oracle Corporation"/>
    <property name="java.awt.graphicsenv" value="sun.awt.Win32GraphicsEnvironment"/>
    <property name="surefire.real.class.path" value="C:\Users\bgbre\AppData\Local\Temp\surefire2912869509714002604\surefirebooter145736648777939464.jar"/>
    <property name="user.script" value=""/>
    <property name="sun.management.compiler" value="HotSpot 64-Bit Tiered Compilers"/>
    <property name="java.runtime.version" value="11.0.8+10"/>
    <property name="user.name" value="Brais"/>
    <property name="path.separator" value=";"/>
    <property name="os.version" value="10.0"/>
    <property name="java.runtime.name" value="OpenJDK Runtime Environment"/>
    <property name="file.encoding" value="Cp1252"/>
    <property name="java.vm.name" value="OpenJDK 64-Bit Server VM"/>
    <property name="java.vendor.version" value="AdoptOpenJDK"/>
    <property name="localRepository" value="C:\Users\bgbre\.m2\repository"/>
    <property name="java.vendor.url.bug" value="https://github.com/AdoptOpenJDK/openjdk-support/issues"/>
    <property name="java.io.tmpdir" value="C:\Users\bgbre\AppData\Local\Temp\"/>
    <property name="java.version" value="11.0.8"/>
    <property name="user.dir" value="C:\Users\bgbre\Documents\GitHub\mri-indexer"/>
    <property name="os.arch" value="amd64"/>
    <property name="java.vm.specification.name" value="Java Virtual Machine Specification"/>
    <property name="java.awt.printerjob" value="sun.awt.windows.WPrinterJob"/>
    <property name="sun.os.patch.level" value=""/>
    <property name="java.library.path" value="C:\Program Files\AdoptOpenJDK\jdk-11.0.8.10-hotspot\bin;C:\WINDOWS\Sun\Java\bin;C:\WINDOWS\system32;C:\WINDOWS;C:/Program Files/AdoptOpenJDK/jdk-11.0.8.10-hotspot/bin/client;C:/Program Files/AdoptOpenJDK/jdk-11.0.8.10-hotspot/bin;C:\Program Files\AdoptOpenJDK\jdk-11.0.8.10-hotspot\bin;C:\Program Files (x86)\Common Files\Oracle\Java\javapath;C:\Program Files (x86)\Intel\iCLS Client\;C:\Program Files\Intel\iCLS Client\;C:\Windows\system32;C:\Windows;C:\Windows\System32\Wbem;C:\Windows\System32\WindowsPowerShell\v1.0\;C:\Program Files (x86)\Intel\Intel(R) Management Engine Components\DAL;C:\Program Files\Intel\Intel(R) Management Engine Components\DAL;C:\Program Files (x86)\Intel\Intel(R) Management Engine Components\IPT;C:\Program Files\Intel\Intel(R) Management Engine Components\IPT;C:\Program Files\Intel\WiFi\bin\;C:\Program Files\Common Files\Intel\WirelessCommon\;C:\Windows\System32\OpenSSH\;C:\Program Files\NVIDIA Corporation\NVIDIA NvDLISR;C:\Program Files (x86)\NVIDIA Corporation\PhysX\Common;C:\WINDOWS\system32;C:\WINDOWS;C:\WINDOWS\System32\Wbem;C:\WINDOWS\System32\WindowsPowerShell\v1.0\;C:\WINDOWS\System32\OpenSSH\;C:\Program Files\Git\cmd;D:\Program Files\PuTTY\;C:\java\jdk8u242-b08\bin;C:\Program Files\MATLAB\R2020a\bin;C:\Program Files\Microsoft SQL Server\Client SDK\ODBC\170\Tools\Binn\;C:\Program Files (x86)\Microsoft SQL Server\150\Tools\Binn\;C:\Program Files\Microsoft SQL Server\150\Tools\Binn\;C:\Program Files\Microsoft SQL Server\150\DTS\Binn\;C:\Program Files (x86)\Pulse Secure\VC142.CRT\X64\;C:\Program Files (x86)\Pulse Secure\VC142.CRT\X86\;C:\ProgramData\chocolatey\bin;C:\Users\bgbre\miniconda3;C:\Users\bgbre\miniconda3\Library\mingw-w64\bin;C:\Users\bgbre\miniconda3\Library\usr\bin;C:\Users\bgbre\miniconda3\Library\bin;C:\Users\bgbre\miniconda3\Scripts;C:\Users\bgbre\AppData\Local\Programs\Python\Python39\Scripts\;C:\Users\bgbre\AppData\Local\Programs\Python\Python39\;D:/flutter/bin;C:\Program Files\AdoptOpenJDK\jdk-11.0.8.10-hotspot\bin;C:\Program Files\Java\apache-maven-3.6.3\bin;C:\Program Files\MySQL\MySQL Server 8.0\bin;C:\Users\bgbre\AppData\Local\Microsoft\WindowsApps;C:\Users\bgbre\AppData\Local\GitHubDesktop\bin;C:\Users\bgbre\AppData\Local\Microsoft\WindowsApps;C:\tools\dart-sdk\bin;C:\Users\bgbre\AppData\Roaming\Pub\Cache\bin;C:\Users\bgbre\AppData\Local\atom\bin;C:\Users\bgbre\Desktop;;."/>
    <property name="java.vm.info" value="mixed mode"/>
    <property name="java.vendor" value="AdoptOpenJDK"/>
    <property name="java.vm.version" value="11.0.8+10"/>
    <property name="sun.io.unicode.encoding" value="UnicodeLittle"/>
    <property name="java.class.version" value="55.0"/>
  </properties>
  <testcase name="shouldAnswerWithTrue" classname="es.udc.fic.AppTest" time="0.003"/>
</testsuite>